TN:
SF:src\components\darkMode\darkMode.tsx
FN:5,get
FN:5,DarkMode
FN:11,onClick
FN:18,onClick
FNF:4
FNH:4
FNDA:6,get
FNDA:6,DarkMode
FNDA:1,onClick
FNDA:1,onClick
DA:1,1
DA:2,1
DA:3,1
DA:4,1
DA:5,1
DA:6,6
DA:7,6
DA:8,4
DA:9,4
DA:10,4
DA:11,4
DA:12,4
DA:13,4
DA:14,4
DA:15,6
DA:16,2
DA:17,2
DA:18,2
DA:19,2
DA:20,2
DA:21,2
DA:22,6
LF:22
LH:22
BRDA:5,0,0,6
BRDA:5,1,0,6
BRDA:7,2,0,4
BRDA:15,3,0,2
BRDA:11,4,0,1
BRDA:18,5,0,1
BRF:6
BRH:6
end_of_record
TN:
SF:src\components\search\search.tsx
FN:4,get
FN:4,Search
FN:6,handleClick
FN:11,onChange
FNF:4
FNH:2
FNDA:2,get
FNDA:2,Search
FNDA:0,handleClick
FNDA:0,onChange
DA:1,1
DA:2,1
DA:3,1
DA:4,1
DA:5,2
DA:6,2
DA:7,0
DA:8,0
DA:9,2
DA:10,2
DA:11,2
DA:12,2
DA:13,2
DA:14,2
DA:15,2
LF:15
LH:13
BRDA:4,0,0,2
BRDA:4,1,0,2
BRF:2
BRH:2
end_of_record
TN:
SF:src\pages\home\home.tsx
FN:16,get
FN:16,Home
FNF:2
FNH:2
FNDA:1,get
FNDA:1,Home
DA:1,1
DA:2,1
DA:3,1
DA:4,1
DA:5,1
DA:6,1
DA:7,1
DA:8,1
DA:9,1
DA:10,1
DA:11,1
DA:12,1
DA:13,1
DA:14,1
DA:15,1
DA:16,1
DA:17,1
DA:18,1
DA:19,1
DA:20,1
DA:21,1
DA:22,1
DA:23,1
DA:24,1
DA:25,1
DA:26,1
DA:27,1
DA:28,1
DA:29,1
DA:30,1
DA:31,1
DA:32,1
DA:33,1
DA:34,1
DA:35,1
DA:36,1
DA:37,1
DA:38,1
DA:39,1
DA:40,1
DA:41,1
DA:42,1
DA:43,1
DA:44,1
DA:45,1
DA:46,1
DA:47,1
DA:48,1
DA:49,1
DA:50,1
DA:51,1
DA:52,1
DA:53,1
DA:54,1
LF:54
LH:54
BRDA:16,0,0,1
BRDA:16,1,0,1
BRF:2
BRH:2
end_of_record
TN:
SF:src\services\movieAPI.ts
FN:17,get
FN:8,fetchMovie
FNF:2
FNH:0
FNDA:0,get
FNDA:0,fetchMovie
DA:1,1
DA:2,1
DA:3,1
DA:4,1
DA:5,1
DA:6,1
DA:7,1
DA:8,1
DA:9,0
DA:10,0
DA:11,0
DA:12,0
DA:13,0
DA:14,0
DA:15,1
DA:16,1
DA:17,1
LF:17
LH:11
BRF:0
BRH:0
end_of_record
